<?xml version="1.0" encoding="UTF-8"?>
<!-- Generated by org.testng.reporters.JUnitReportReporter -->
<testsuite skipped="2" hostname="XPS" name="com.testrunnerPageFactory.LoginTestpageF" tests="3" failures="0" timestamp="2023-01-29T20:56:59 IST" time="2.158" errors="0">
  <testcase name="TC_03" time="2.158" classname="com.testrunnerPageFactory.LoginTestpageF"/>
  <system-out/>
  <testcase name="TC_02" classname="com.testrunnerPageFactory.LoginTestpageF">
    <skipped/>
  </testcase> <!-- TC_02 -->
  <system-out/>
  <testcase name="TC_01" classname="com.testrunnerPageFactory.LoginTestpageF">
    <skipped/>
  </testcase> <!-- TC_01 -->
  <system-out/>
</testsuite> <!-- com.testrunnerPageFactory.LoginTestpageF -->
