<?xml version="1.0" encoding="UTF-8"?>
<!-- Generated by org.testng.reporters.JUnitReportReporter -->
<testsuite skipped="0" hostname="XPS" name="com.guru99magntotestrunner.TestRunnerMagntoGuru99" tests="2" failures="0" timestamp="2022-09-29T16:55:03 IST" time="6.350" errors="0">
  <testcase name="verifyXperiyaPrice_02" time="3.731" classname="com.guru99magntotestrunner.TestRunnerMagntoGuru99"/>
  <system-out/>
  <testcase name="verifySortedMobileByName_Tc_01" time="2.619" classname="com.guru99magntotestrunner.TestRunnerMagntoGuru99"/>
  <system-out/>
</testsuite> <!-- com.guru99magntotestrunner.TestRunnerMagntoGuru99 -->
